firewall/build/intermediates/manifest_merge_blame_file/debug/manifest-merger-blame-debug-report.txt
1<?xml version="1.0" encoding="utf-8"?>
2<manifest xmlns:android="http://schemas.android.com/apk/res/android"
3    xmlns:tools="http://schemas.android.com/tools"
4    package="dev.ukanth.ufirewall" >
5
6    <uses-sdk
7        android:minSdkVersion="17"
7-->src\main\AndroidManifest.xml
8        android:targetSdkVersion="28" />
8-->src\main\AndroidManifest.xml
9
10    <uses-permission android:name="android.permission.RECEIVE_BOOT_COMPLETED" />
10-->src\main\AndroidManifest.xml:6:5-81
10-->src\main\AndroidManifest.xml:6:22-78
11    <!-- Allows ufwall to access information about networks -->
12    <uses-permission android:name="android.permission.ACCESS_NETWORK_STATE" />
12-->src\main\AndroidManifest.xml:8:5-79
12-->src\main\AndroidManifest.xml:8:22-76
13
14    <!-- Allows ufwall to write to external storage -->
15    <uses-permission android:name="android.permission.WRITE_EXTERNAL_STORAGE" />
15-->src\main\AndroidManifest.xml:11:5-81
15-->src\main\AndroidManifest.xml:11:22-78
16
17    <!-- Allows access to IP configuration and tethering state -->
18    <uses-permission android:name="android.permission.INTERNET" />
18-->src\main\AndroidManifest.xml:14:5-67
18-->src\main\AndroidManifest.xml:14:22-64
19    <uses-permission android:name="android.permission.ACCESS_WIFI_STATE" />
19-->src\main\AndroidManifest.xml:15:5-76
19-->src\main\AndroidManifest.xml:15:22-73
20
21    <!-- Allows ufwall to access information about Fingerprint -->
22    <uses-permission android:name="android.permission.USE_FINGERPRINT" />
22-->src\main\AndroidManifest.xml:18:5-74
22-->src\main\AndroidManifest.xml:18:22-71
23    <uses-permission android:name="android.permission.FOREGROUND_SERVICE" />
23-->src\main\AndroidManifest.xml:20:5-77
23-->src\main\AndroidManifest.xml:20:22-74
24
25    <!-- Screen support -->
26    <supports-screens
26-->src\main\AndroidManifest.xml:23:5-28:40
27        android:anyDensity="true"
27-->src\main\AndroidManifest.xml:24:9-34
28        android:largeScreens="true"
28-->src\main\AndroidManifest.xml:25:9-36
29        android:normalScreens="true"
29-->src\main\AndroidManifest.xml:26:9-37
30        android:smallScreens="true"
30-->src\main\AndroidManifest.xml:27:9-36
31        android:xlargeScreens="true" />
31-->src\main\AndroidManifest.xml:28:9-37
32
33    <application
33-->src\main\AndroidManifest.xml:30:5-74:19
34        android:allowBackup="true"
34-->src\main\AndroidManifest.xml:31:9-35
35        android:persistent="true"
35-->src\main\AndroidManifest.xml:32:9-34
36        android:supportsRtl="true"
36-->src\main\AndroidManifest.xml:33:9-35
37        tools:ignore="GoogleAppIndexingWarning" >
37-->src\main\AndroidManifest.xml:34:9-48
38        <meta-data
38-->src\main\AndroidManifest.xml:36:9-38:36
39            android:name="xposedmodule"
39-->src\main\AndroidManifest.xml:37:13-40
40            android:value="true" />
40-->src\main\AndroidManifest.xml:38:13-33
41        <meta-data
41-->src\main\AndroidManifest.xml:39:9-41:64
42            android:name="xposeddescription"
42-->src\main\AndroidManifest.xml:40:13-45
43            android:value="Xposed related fixes for AFWall+" />
43-->src\main\AndroidManifest.xml:41:13-61
44        <meta-data
44-->src\main\AndroidManifest.xml:42:9-44:34
45            android:name="xposedminversion"
45-->src\main\AndroidManifest.xml:43:13-44
46            android:value="53" />
46-->src\main\AndroidManifest.xml:44:13-31
47
48        <!-- donate  android:label="@string/app_name_donate" -->
49        <activity
49-->src\main\AndroidManifest.xml:47:9-53:47
50            android:name="dev.ukanth.ufirewall.FireWallActivity"
50-->src\main\AndroidManifest.xml:48:13-45
51            android:configChanges="orientation|keyboardHidden|screenSize|keyboard|locale|screenLayout"
51-->src\main\AndroidManifest.xml:49:13-103
52            android:hardwareAccelerated="true"
52-->src\main\AndroidManifest.xml:50:13-47
53            android:label="@string/app_name"
53-->src\main\AndroidManifest.xml:51:13-45
54            android:launchMode="singleInstance"
54-->src\main\AndroidManifest.xml:52:13-48
55            android:theme="@style/FullTheme" />
55-->src\main\AndroidManifest.xml:53:13-45
56
57        <service
57-->src\main\AndroidManifest.xml:54:9-56:40
58            android:name="dev.ukanth.ufirewall.service.RootShellService"
58-->src\main\AndroidManifest.xml:55:13-53
59            android:exported="false" />
59-->src\main\AndroidManifest.xml:56:13-37
60        <!-- Samsung MultiWindow Support -->
61        <uses-library
61-->src\main\AndroidManifest.xml:58:9-60:40
62            android:name="com.sec.android.app.multiwindow"
62-->src\main\AndroidManifest.xml:59:13-59
63            android:required="false" />
63-->src\main\AndroidManifest.xml:60:13-37
64
65        <meta-data
65-->src\main\AndroidManifest.xml:62:9-64:59
66            android:name="com.sec.android.multiwindow.DEFAULT_SIZE_W"
66-->src\main\AndroidManifest.xml:63:13-70
67            android:resource="@dimen/app_defaultsize_w" />
67-->src\main\AndroidManifest.xml:64:13-56
68        <meta-data
68-->src\main\AndroidManifest.xml:65:9-67:59
69            android:name="com.sec.android.multiwindow.DEFAULT_SIZE_H"
69-->src\main\AndroidManifest.xml:66:13-70
70            android:resource="@dimen/app_defaultsize_h" />
70-->src\main\AndroidManifest.xml:67:13-56
71        <meta-data
71-->src\main\AndroidManifest.xml:68:9-70:59
72            android:name="com.sec.android.multiwindow.MINIMUM_SIZE_W"
72-->src\main\AndroidManifest.xml:69:13-70
73            android:resource="@dimen/app_minimumsize_w" />
73-->src\main\AndroidManifest.xml:70:13-56
74        <meta-data
74-->src\main\AndroidManifest.xml:71:9-73:59
75            android:name="com.sec.android.multiwindow.MINIMUM_SIZE_H"
75-->src\main\AndroidManifest.xml:72:13-70
76            android:resource="@dimen/app_minimumsize_h" />
76-->src\main\AndroidManifest.xml:73:13-56
77    </application>
78
79</manifest>